[debug] [2021-04-25T16:21:56.978Z] ----------------------------------------------------------------------
[debug] [2021-04-25T16:21:57.000Z] Command:       C:\Program Files\nodejs\node.exe C:\Users\toshiba\AppData\Roaming\npm\node_modules\firebase-tools\lib\bin\firebase.js init
[debug] [2021-04-25T16:21:57.000Z] CLI Version:   9.10.0
[debug] [2021-04-25T16:21:57.001Z] Platform:      win32
[debug] [2021-04-25T16:21:57.001Z] Node Version:  v12.18.4
[debug] [2021-04-25T16:21:57.059Z] Time:          Sun Apr 25 2021 19:21:57 GMT+0300 (Eastern European Summer Time)
[debug] [2021-04-25T16:21:57.059Z] ----------------------------------------------------------------------
[debug] 
[debug] [2021-04-25T16:21:57.076Z] >>> [apiv2][query] GET https://firebase-public.firebaseio.com/cli.json [none]
[debug] [2021-04-25T16:21:57.543Z] > command requires scopes: ["email","openid","https://www.googleapis.com/auth/cloudplatformprojects.readonly","https://www.googleapis.com/auth/firebase","https://www.googleapis.com/auth/cloud-platform"]
[debug] [2021-04-25T16:21:57.543Z] > authorizing via signed-in user (kosstonyy19@gmail.com)
[info] 
     ######## #### ########  ######## ########     ###     ######  ########
     ##        ##  ##     ## ##       ##     ##  ##   ##  ##       ##
     ######    ##  ########  ######   ########  #########  ######  ######
     ##        ##  ##    ##  ##       ##     ## ##     ##       ## ##
     ##       #### ##     ## ######## ########  ##     ##  ######  ########

You're about to initialize a Firebase project in this directory:

  C:\Users\toshiba\new-project

[debug] [2021-04-25T16:21:58.943Z] <<< [apiv2][status] GET https://firebase-public.firebaseio.com/cli.json 200
[debug] [2021-04-25T16:21:58.943Z] <<< [apiv2][body] GET https://firebase-public.firebaseio.com/cli.json {"cloudBuildErrorAfter":1594252800000,"cloudBuildWarnAfter":1590019200000,"defaultNode10After":1594252800000,"minVersion":"3.0.5","node8DeploysDisabledAfter":1613390400000,"node8RuntimeDisabledAfter":1615809600000,"node8WarnAfter":1600128000000}
